INFO - 06/10/2018 11:35:31 PM - Connection stablished with DB: database.db
INFO - 06/10/2018 11:35:31 PM - Table project was created
INFO - 06/10/2018 11:36:33 PM - Connection stablished with DB: database.db
INFO - 06/10/2018 11:45:34 PM - Connection stablished with DB: database.db
INFO - 06/10/2018 11:50:00 PM - Connection stablished with DB: database.db
INFO - 06/10/2018 11:50:29 PM - Connection stablished with DB: database.db
INFO - 06/10/2018 11:50:29 PM - Data was inserted on the DB
INFO - 06/10/2018 11:52:13 PM - Connection stablished with DB: database.db
INFO - 06/10/2018 11:52:13 PM - Data was inserted on the DB
INFO - 06/10/2018 11:53:00 PM - Connection stablished with DB: database.db
INFO - 06/10/2018 11:53:00 PM - Data was inserted on the DB
INFO - 06/10/2018 11:53:49 PM - Connection stablished with DB: database.db
INFO - 06/10/2018 11:53:49 PM - Data was inserted on the DB
INFO - 06/10/2018 11:54:30 PM - Connection stablished with DB: database.db
INFO - 06/10/2018 11:56:12 PM - Connection stablished with DB: database.db
INFO - 06/10/2018 11:56:22 PM - Connection stablished with DB: database.db
INFO - 06/10/2018 11:57:32 PM - Connection stablished with DB: database.db
INFO - 06/10/2018 11:58:22 PM - Connection stablished with DB: database.db
INFO - 06/10/2018 11:58:22 PM - Data was inserted on the DB
INFO - 06/11/2018 12:00:21 AM - Connection stablished with DB: database.db
INFO - 06/11/2018 12:00:21 AM - Data was inserted on the DB
INFO - 06/11/2018 12:01:12 AM - Connection stablished with DB: database.db
INFO - 06/11/2018 12:01:12 AM - Data was inserted on the DB
INFO - 06/11/2018 12:03:44 AM - Connection stablished with DB: database.db
INFO - 06/11/2018 12:04:37 AM - Connection stablished with DB: database.db
INFO - 06/11/2018 12:04:37 AM - Data was inserted on the DB
INFO - 06/14/2018 10:25:24 AM - Connection stablished with DB: database.db
INFO - 06/14/2018 10:25:24 AM - Data was inserted on the DB
INFO - 06/14/2018 10:28:23 AM - Connection stablished with DB: database.db
INFO - 06/14/2018 10:31:08 AM - Connection stablished with DB: database.db
INFO - 06/14/2018 10:31:44 AM - Connection stablished with DB: database.db
INFO - 06/14/2018 10:31:44 AM - Data was inserted on the DB
INFO - 06/14/2018 10:32:17 AM - Connection stablished with DB: database.db
INFO - 06/14/2018 10:32:17 AM - Data was inserted on the DB
INFO - 06/14/2018 10:32:39 AM - Connection stablished with DB: database.db
INFO - 06/14/2018 10:34:54 AM - Connection stablished with DB: database.db
INFO - 06/14/2018 10:34:54 AM - Data was inserted on the DB
INFO - 06/14/2018 10:39:47 AM - Connection stablished with DB: database.db
INFO - 06/14/2018 10:40:00 AM - Connection stablished with DB: database.db
INFO - 06/14/2018 10:40:00 AM - Data was inserted on the DB
INFO - 06/14/2018 10:40:19 AM - Connection stablished with DB: database.db
INFO - 06/14/2018 10:40:19 AM - Data was inserted on the DB
INFO - 06/14/2018 10:40:38 AM - Connection stablished with DB: database.db
INFO - 06/14/2018 10:40:38 AM - Data was inserted on the DB
INFO - 06/14/2018 10:40:47 AM - Connection stablished with DB: database.db
INFO - 06/14/2018 10:40:47 AM - Data was inserted on the DB
INFO - 06/14/2018 10:47:08 AM - Connection stablished with DB: database.db
INFO - 06/14/2018 10:47:21 AM - Connection stablished with DB: database.db
INFO - 06/14/2018 10:47:21 AM - Data was inserted on the DB
INFO - 06/14/2018 10:47:31 AM - Connection stablished with DB: database.db
INFO - 06/14/2018 10:47:31 AM - Data was inserted on the DB
INFO - 06/14/2018 10:47:48 AM - Connection stablished with DB: database.db
INFO - 06/14/2018 10:47:59 AM - Connection stablished with DB: database.db
INFO - 06/14/2018 10:47:59 AM - Data was inserted on the DB
INFO - 06/14/2018 10:48:07 AM - Connection stablished with DB: database.db
INFO - 06/14/2018 10:48:07 AM - Data was inserted on the DB
INFO - 06/14/2018 10:49:25 AM - Connection stablished with DB: database.db
INFO - 06/14/2018 10:49:48 AM - Connection stablished with DB: database.db
INFO - 06/14/2018 10:50:21 AM - Connection stablished with DB: database.db
INFO - 06/14/2018 10:50:21 AM - Data was inserted on the DB
INFO - 06/14/2018 10:52:07 AM - Connection stablished with DB: database.db
INFO - 06/14/2018 10:52:36 AM - Connection stablished with DB: database.db
INFO - 06/14/2018 10:52:36 AM - Data was inserted on the DB
INFO - 06/14/2018 10:53:11 AM - Connection stablished with DB: database.db
INFO - 06/14/2018 10:53:11 AM - Data was inserted on the DB
INFO - 06/14/2018 10:53:22 AM - Connection stablished with DB: database.db
INFO - 06/14/2018 10:53:22 AM - Data was inserted on the DB
INFO - 06/14/2018 11:00:52 AM - Connection stablished with DB: database.db
INFO - 06/14/2018 11:00:52 AM - Data was inserted on the DB
INFO - 06/14/2018 11:01:18 AM - Connection stablished with DB: database.db
INFO - 06/14/2018 11:01:18 AM - Data was inserted on the DB
INFO - 06/14/2018 11:01:27 AM - Connection stablished with DB: database.db
INFO - 06/14/2018 11:01:27 AM - Data was inserted on the DB
INFO - 06/14/2018 11:03:21 AM - Connection stablished with DB: database.db
INFO - 06/14/2018 11:03:36 AM - Connection stablished with DB: database.db
INFO - 06/14/2018 11:06:31 AM - Connection stablished with DB: database.db
INFO - 06/14/2018 11:06:31 AM - Data was inserted on the DB
INFO - 06/14/2018 11:06:52 AM - Connection stablished with DB: database.db
INFO - 06/14/2018 11:06:52 AM - Data was inserted on the DB
INFO - 06/14/2018 11:07:31 AM - Connection stablished with DB: database.db
INFO - 06/14/2018 11:07:31 AM - Data was inserted on the DB
INFO - 06/14/2018 11:08:07 AM - Connection stablished with DB: database.db
INFO - 06/14/2018 11:08:07 AM - Data was inserted on the DB
INFO - 06/14/2018 11:08:25 AM - Connection stablished with DB: database.db
INFO - 06/14/2018 11:08:40 AM - Connection stablished with DB: database.db
INFO - 06/14/2018 11:08:42 AM - Data was inserted on the DB
INFO - 06/14/2018 11:09:37 AM - Connection stablished with DB: database.db
INFO - 06/14/2018 08:54:52 PM - Connection stablished with DB: database.db.db
INFO - 06/14/2018 08:55:48 PM - Connection stablished with DB: database.db
INFO - 06/14/2018 08:55:48 PM - Data was inserted on the DB
INFO - 06/14/2018 08:59:04 PM - Connection stablished with DB: database.db
INFO - 06/14/2018 08:59:04 PM - Data was inserted on the DB
INFO - 06/14/2018 09:03:30 PM - Connection stablished with DB: database.db
INFO - 06/14/2018 09:03:58 PM - Connection stablished with DB: database.db
INFO - 06/14/2018 09:04:29 PM - Connection stablished with DB: database.db
INFO - 06/14/2018 09:04:57 PM - Connection stablished with DB: database.db
INFO - 06/14/2018 09:42:06 PM - Connection stablished with DB: database.db
INFO - 06/14/2018 09:42:06 PM - Data was inserted on the DB
INFO - 06/14/2018 09:44:07 PM - Connection stablished with DB: database.db
INFO - 06/14/2018 09:44:07 PM - Data was inserted on the DB
INFO - 06/14/2018 09:44:22 PM - Connection stablished with DB: database.db
INFO - 06/14/2018 09:44:22 PM - Data was inserted on the DB
INFO - 06/14/2018 09:44:29 PM - Connection stablished with DB: database.db
INFO - 06/14/2018 09:44:29 PM - Data was inserted on the DB
INFO - 06/14/2018 09:50:55 PM - Connection stablished with DB: database.db
INFO - 06/14/2018 09:51:14 PM - Connection stablished with DB: database.db
INFO - 06/14/2018 09:51:15 PM - Data was inserted on the DB
INFO - 06/14/2018 09:51:33 PM - Connection stablished with DB: database.db
INFO - 06/14/2018 09:51:34 PM - Data was inserted on the DB
INFO - 06/14/2018 09:56:07 PM - Connection stablished with DB: database.db
INFO - 06/14/2018 09:56:18 PM - Connection stablished with DB: database.db
INFO - 06/14/2018 09:56:45 PM - Connection stablished with DB: database.db
INFO - 06/14/2018 09:56:45 PM - Data was inserted on the DB
INFO - 06/14/2018 09:58:57 PM - Connection stablished with DB: database.db
INFO - 06/14/2018 09:58:57 PM - Data was inserted on the DB
INFO - 06/14/2018 10:07:08 PM - Connection stablished with DB: database.db
INFO - 06/14/2018 10:07:08 PM - Data was inserted on the DB
INFO - 06/14/2018 10:09:37 PM - Connection stablished with DB: database.db
INFO - 06/14/2018 10:09:58 PM - Connection stablished with DB: database.db
INFO - 06/14/2018 10:09:58 PM - Data was inserted on the DB
INFO - 06/14/2018 10:10:19 PM - Connection stablished with DB: database.db
ERROR - 06/14/2018 10:10:19 PM - Data could not be inserted
INFO - 06/14/2018 10:12:31 PM - Connection stablished with DB: database.db
ERROR - 06/14/2018 10:12:31 PM - Data could not be inserted
INFO - 06/14/2018 10:12:56 PM - Connection stablished with DB: database.db
ERROR - 06/14/2018 10:12:56 PM - Data could not be inserted
INFO - 06/14/2018 10:14:07 PM - Connection stablished with DB: database.db
INFO - 06/14/2018 10:14:07 PM - Table project was created
INFO - 06/14/2018 10:14:21 PM - Connection stablished with DB: database.db.db
INFO - 06/14/2018 10:14:32 PM - Connection stablished with DB: database.db.db
INFO - 06/14/2018 10:14:43 PM - Connection stablished with DB: database.db
INFO - 06/14/2018 10:16:04 PM - Connection stablished with DB: database.db
INFO - 06/14/2018 10:16:04 PM - Data was inserted on the DB
INFO - 06/14/2018 10:21:23 PM - Connection stablished with DB: database.db
INFO - 06/14/2018 10:21:23 PM - Data was inserted on the DB
INFO - 06/14/2018 10:22:43 PM - Connection stablished with DB: database.db
INFO - 06/14/2018 10:22:43 PM - Data was inserted on the DB
INFO - 06/14/2018 10:22:58 PM - Connection stablished with DB: database.db
INFO - 06/14/2018 10:22:58 PM - Data was inserted on the DB
INFO - 06/14/2018 10:23:12 PM - Connection stablished with DB: database.db
INFO - 06/14/2018 10:23:12 PM - Data was inserted on the DB
INFO - 06/14/2018 10:26:48 PM - Connection stablished with DB: database.db
INFO - 06/14/2018 10:27:08 PM - Connection stablished with DB: database.db
INFO - 06/14/2018 10:27:08 PM - Data was inserted on the DB
INFO - 06/14/2018 10:28:15 PM - Connection stablished with DB: database.db
INFO - 06/14/2018 10:28:15 PM - Data was inserted on the DB
INFO - 06/14/2018 10:30:13 PM - Connection stablished with DB: database.db
INFO - 06/14/2018 10:30:37 PM - Connection stablished with DB: database.db
INFO - 06/14/2018 10:30:37 PM - Data was inserted on the DB
INFO - 06/14/2018 10:30:50 PM - Connection stablished with DB: database.db
INFO - 06/14/2018 10:30:50 PM - Data was inserted on the DB
INFO - 06/14/2018 10:31:24 PM - Connection stablished with DB: database.db
INFO - 06/14/2018 10:31:24 PM - Data was inserted on the DB
INFO - 06/14/2018 10:34:36 PM - Connection stablished with DB: database.db
INFO - 06/14/2018 10:34:36 PM - Data was inserted on the DB
INFO - 06/14/2018 10:35:03 PM - Connection stablished with DB: database.db
INFO - 06/14/2018 10:35:03 PM - Data was inserted on the DB
INFO - 06/14/2018 10:36:00 PM - Connection stablished with DB: database.db
INFO - 06/14/2018 10:36:00 PM - Data was inserted on the DB
INFO - 06/14/2018 10:36:19 PM - Connection stablished with DB: database.db
INFO - 06/14/2018 10:36:19 PM - Data was inserted on the DB
INFO - 06/14/2018 10:38:39 PM - Connection stablished with DB: database.db
INFO - 06/14/2018 10:38:39 PM - Data was inserted on the DB
INFO - 06/14/2018 10:38:50 PM - Connection stablished with DB: database.db
INFO - 06/14/2018 10:38:50 PM - Data was inserted on the DB
INFO - 06/14/2018 10:39:11 PM - Connection stablished with DB: database.db
INFO - 06/14/2018 10:39:11 PM - Data was inserted on the DB
INFO - 06/14/2018 10:41:35 PM - Connection stablished with DB: database.db
INFO - 06/14/2018 10:41:35 PM - Data was inserted on the DB
INFO - 06/14/2018 10:48:39 PM - Connection stablished with DB: database.db
INFO - 06/14/2018 10:48:39 PM - Data was inserted on the DB
INFO - 06/14/2018 10:49:14 PM - Connection stablished with DB: database.db
INFO - 06/14/2018 10:49:14 PM - Data was inserted on the DB
INFO - 06/14/2018 10:49:23 PM - Connection stablished with DB: database.db
INFO - 06/14/2018 10:49:23 PM - Data was inserted on the DB
INFO - 06/14/2018 10:50:07 PM - Connection stablished with DB: database.db
INFO - 06/14/2018 10:50:07 PM - Data was inserted on the DB
INFO - 06/14/2018 10:55:02 PM - Connection stablished with DB: database.db
INFO - 06/14/2018 10:55:02 PM - Data was inserted on the DB
